<?xml version="1.0" encoding="UTF-8"?>
<testng-results skipped="0" failed="0" ignored="0" total="1" passed="1">
  <reporter-output>
  </reporter-output>
  <suite name="Default suite" duration-ms="21659" started-at="2019-07-24T18:26:51Z" finished-at="2019-07-24T18:27:13Z">
    <groups>
    </groups>
    <test name="Default test" duration-ms="21659" started-at="2019-07-24T18:26:51Z" finished-at="2019-07-24T18:27:13Z">
      <class name="test.CreateNewUser">
        <test-method status="PASS" signature="beforeTest()[pri:0, instance:test.CreateNewUser@675d3402]" name="beforeTest" is-config="true" duration-ms="12146" started-at="2019-07-24T18:26:51Z" finished-at="2019-07-24T18:27:03Z">
          <reporter-output>
          </reporter-output>
        </test-method> <!-- beforeTest -->
        <test-method status="PASS" signature="CreateNewUser()[pri:0, instance:test.CreateNewUser@675d3402]" name="CreateNewUser" duration-ms="8758" started-at="2019-07-24T18:27:03Z" finished-at="2019-07-24T18:27:12Z">
          <reporter-output>
          </reporter-output>
        </test-method> <!-- CreateNewUser -->
        <test-method status="PASS" signature="afterTest()[pri:0, instance:test.CreateNewUser@675d3402]" name="afterTest" is-config="true" duration-ms="735" started-at="2019-07-24T18:27:12Z" finished-at="2019-07-24T18:27:13Z">
          <reporter-output>
          </reporter-output>
        </test-method> <!-- afterTest -->
      </class> <!-- test.CreateNewUser -->
    </test> <!-- Default test -->
  </suite> <!-- Default suite -->
</testng-results>
