<?xml version="1.0" encoding="UTF-8"?>
<testng-results skipped="0" failed="0" ignored="0" total="1" passed="1">
  <reporter-output>
  </reporter-output>
  <suite name="Default suite" duration-ms="34883" started-at="2019-08-03T10:20:32Z" finished-at="2019-08-03T10:21:07Z">
    <groups>
    </groups>
    <test name="Default test" duration-ms="34883" started-at="2019-08-03T10:20:32Z" finished-at="2019-08-03T10:21:07Z">
      <class name="selauto.NewTest">
        <test-method status="PASS" signature="beforeTest()[pri:0, instance:selauto.NewTest@4b952a2d]" name="beforeTest" is-config="true" duration-ms="16683" started-at="2019-08-03T10:20:32Z" finished-at="2019-08-03T10:20:48Z">
          <reporter-output>
          </reporter-output>
        </test-method> <!-- beforeTest -->
        <test-method status="PASS" signature="createCustomer()[pri:0, instance:selauto.NewTest@4b952a2d]" name="createCustomer" duration-ms="17109" started-at="2019-08-03T10:20:48Z" finished-at="2019-08-03T10:21:05Z">
          <reporter-output>
          </reporter-output>
        </test-method> <!-- createCustomer -->
        <test-method status="PASS" signature="afterTest()[pri:0, instance:selauto.NewTest@4b952a2d]" name="afterTest" is-config="true" duration-ms="1068" started-at="2019-08-03T10:21:05Z" finished-at="2019-08-03T10:21:07Z">
          <reporter-output>
          </reporter-output>
        </test-method> <!-- afterTest -->
      </class> <!-- selauto.NewTest -->
    </test> <!-- Default test -->
  </suite> <!-- Default suite -->
</testng-results>
