<?xml version="1.0" encoding="UTF-8"?>
<testng-results skipped="0" failed="0" ignored="0" total="1" passed="1">
  <reporter-output>
  </reporter-output>
  <suite name="Default suite" duration-ms="21915" started-at="2019-07-24T18:32:59Z" finished-at="2019-07-24T18:33:20Z">
    <groups>
    </groups>
    <test name="Default test" duration-ms="21915" started-at="2019-07-24T18:32:59Z" finished-at="2019-07-24T18:33:20Z">
      <class name="selauto.NewTest">
        <test-method status="PASS" signature="beforeTest()[pri:0, instance:selauto.NewTest@4b952a2d]" name="beforeTest" is-config="true" duration-ms="12688" started-at="2019-07-24T18:32:59Z" finished-at="2019-07-24T18:33:11Z">
          <reporter-output>
          </reporter-output>
        </test-method> <!-- beforeTest -->
        <test-method status="PASS" signature="createCustomer()[pri:0, instance:selauto.NewTest@4b952a2d]" name="createCustomer" duration-ms="8242" started-at="2019-07-24T18:33:11Z" finished-at="2019-07-24T18:33:19Z">
          <reporter-output>
          </reporter-output>
        </test-method> <!-- createCustomer -->
        <test-method status="PASS" signature="afterTest()[pri:0, instance:selauto.NewTest@4b952a2d]" name="afterTest" is-config="true" duration-ms="963" started-at="2019-07-24T18:33:19Z" finished-at="2019-07-24T18:33:20Z">
          <reporter-output>
          </reporter-output>
        </test-method> <!-- afterTest -->
      </class> <!-- selauto.NewTest -->
    </test> <!-- Default test -->
  </suite> <!-- Default suite -->
</testng-results>
